
Note: No compatibility mode selected!


Circuit: * amplifier a buffer transient testbench

Doing analysis at TEMP = 27.000000 and TNOM = 27.000000

Note: vin: dc value used for op instead of transient time=0 value.
Note: Starting dynamic gmin stepping
Trying gmin =   1.0000E-03 Note: One successful gmin step
Trying gmin =   1.0000E-04 Warning: Further gmin increment
Trying gmin =   5.6234E-04 Note: One successful gmin step
Trying gmin =   2.3714E-04 Note: One successful gmin step
Trying gmin =   6.4938E-05 Note: One successful gmin step
Trying gmin =   9.3057E-06 Note: One successful gmin step
Trying gmin =   1.3335E-06 Warning: Further gmin increment
Trying gmin =   5.7255E-06 Note: One successful gmin step
Trying gmin =   2.7632E-06 Note: One successful gmin step
Trying gmin =   9.2640E-07 Note: One successful gmin step
Trying gmin =   1.7984E-07 Warning: Further gmin increment
Trying gmin =   6.1492E-07 Note: One successful gmin step
Trying gmin =   3.3255E-07 Note: One successful gmin step
Trying gmin =   1.3225E-07 Note: One successful gmin step
Trying gmin =   3.3168E-08 Warning: Further gmin increment
Trying gmin =   9.3590E-08 Note: One successful gmin step
Trying gmin =   5.5715E-08 Note: One successful gmin step
Trying gmin =   2.5591E-08 Note: One successful gmin step
Trying gmin =   7.9666E-09 Warning: Further gmin increment
Trying gmin =   1.9116E-08 Note: One successful gmin step
Trying gmin =   1.2340E-08 Note: One successful gmin step
Trying gmin =   6.4009E-09 Note: One successful gmin step
Trying gmin =   2.3912E-09 Note: One successful gmin step
Trying gmin =   5.4597E-10 Note: One successful gmin step
Trying gmin =   5.9566E-11 Note: One successful gmin step
Trying gmin =   5.9566E-12 Note: One successful gmin step
Trying gmin =   1.0000E-12 Note: One successful gmin step
Note: Dynamic gmin stepping completed

No. of Data Rows : 1
Note: Starting dynamic gmin stepping
Trying gmin =   1.0000E-03 Note: One successful gmin step
Trying gmin =   1.0000E-04 Warning: Further gmin increment
Trying gmin =   5.6234E-04 Note: One successful gmin step
Trying gmin =   2.3714E-04 Note: One successful gmin step
Trying gmin =   6.4938E-05 Note: One successful gmin step
Trying gmin =   9.3057E-06 Note: One successful gmin step
Trying gmin =   3.5227E-06 Note: One successful gmin step
Trying gmin =   8.2047E-07 Warning: Further gmin increment
Trying gmin =   2.4472E-06 Note: One successful gmin step
Trying gmin =   1.4170E-06 Note: One successful gmin step
Trying gmin =   6.2432E-07 Note: One successful gmin step
Trying gmin =   1.8259E-07 Warning: Further gmin increment
Trying gmin =   4.5912E-07 Note: One successful gmin step
Trying gmin =   2.8953E-07 Note: One successful gmin step
Trying gmin =   1.4500E-07 Warning: Further gmin increment
Trying gmin =   2.4357E-07 Note: One successful gmin step
Trying gmin =   1.8793E-07 Warning: Further gmin increment
Trying gmin =   2.2828E-07 Note: One successful gmin step
Trying gmin =   2.0712E-07 Note: One successful gmin step
Trying gmin =   1.7901E-07 Warning: Further gmin increment
Trying gmin =   1.9970E-07 Note: One successful gmin step
Trying gmin =   1.8907E-07 Note: One successful gmin step
Trying gmin =   1.7901E-07 Note: One successful gmin step
Trying gmin =   1.6491E-07 Note: One successful gmin step
Trying gmin =   1.4581E-07 Note: One successful gmin step
Trying gmin =   1.2123E-07 Note: One successful gmin step
Trying gmin =   9.1903E-08 Note: One successful gmin step
Trying gmin =   6.0663E-08 Note: One successful gmin step
Trying gmin =   3.2532E-08 Note: One successful gmin step
Trying gmin =   1.2776E-08 Note: One successful gmin step
Trying gmin =   3.1443E-09 Warning: Further gmin increment
Trying gmin =   8.9987E-09 Note: One successful gmin step
Trying gmin =   5.3193E-09 Note: One successful gmin step
Trying gmin =   2.4175E-09 Note: One successful gmin step
Trying gmin =   7.4067E-10 Note: One successful gmin step
Trying gmin =   1.2561E-10 Note: One successful gmin step
Trying gmin =   1.2561E-11 Note: One successful gmin step
Trying gmin =   1.2561E-12 Note: One successful gmin step
Trying gmin =   1.0000E-12 Note: One successful gmin step
Note: Dynamic gmin stepping completed

Initial Transient Solution
--------------------------

Node                                   Voltage
----                                   -------
vdd                                        2.5
vss                                          0
cm                                    0.948661
vreg                                   1.89732
in                                    0.448661
ref                                   0.948661
xbias.vlo                                    0
iq0                                   0.790659
xbias.q                               0.949916
gp                                     1.60747
xbias.x                                1.25134
bp                                      2.0789
xbias.tihi                             1.89732
xvreg.y                              0.0286449
xvreg.x                                0.86256
xvreg.bpb                              1.34062
xvreg.bn                               0.77931
xvreg.bpa                              1.72237
iq                                    0.790659
xvreg.s                                      0
xvreg.bn0                              0.77872
vs0                                          0
o                                      1.44816
xdut.y                                0.886676
xdut.x                                0.945245
x                                     0.948412
xdut.x64.c_cap_int1                  -0.561488
e.xdut.x64.ec_cap#branch                     0
eref#branch                                  0
ecm#branch                         4.99751e-05
vs0#branch                         4.31102e-05
viq#branch                         7.00045e-06
vin#branch                         4.99751e-05
vss#branch                          0.00012865
vdd#branch                         -0.00012865


No. of Data Rows : 1020
slewp               =  5.451319e-08 targ=  8.216186e-07 trig=  7.671055e-07
slewm               =  5.293997e-08 targ=  3.173289e-07 trig=  2.643889e-07
ngspice-40 done
