
Note: No compatibility mode selected!


Circuit: * amplifier a buffer transient testbench

Doing analysis at TEMP = 0.000000 and TNOM = 27.000000

Note: vin: dc value used for op instead of transient time=0 value.
Note: Starting dynamic gmin stepping
Trying gmin =   1.0000E-03 Note: One successful gmin step
Trying gmin =   1.0000E-04 Warning: Further gmin increment
Trying gmin =   5.6234E-04 Note: One successful gmin step
Trying gmin =   2.3714E-04 Note: One successful gmin step
Trying gmin =   6.4938E-05 Note: One successful gmin step
Trying gmin =   9.3057E-06 Note: One successful gmin step
Trying gmin =   1.3335E-06 Warning: Further gmin increment
Trying gmin =   5.7255E-06 Note: One successful gmin step
Trying gmin =   2.7632E-06 Warning: Further gmin increment
Trying gmin =   4.7721E-06 Note: One successful gmin step
Trying gmin =   3.6313E-06 Note: One successful gmin step
Trying gmin =   2.4103E-06 Note: One successful gmin step
Trying gmin =   1.3035E-06 Note: One successful gmin step
Trying gmin =   5.1839E-07 Note: One successful gmin step
Trying gmin =   1.3001E-07 Warning: Further gmin increment
Trying gmin =   3.6685E-07 Note: One successful gmin step
Trying gmin =   2.1839E-07 Warning: Further gmin increment
Trying gmin =   3.2224E-07 Note: One successful gmin step
Trying gmin =   2.6528E-07 Note: One successful gmin step
Trying gmin =   1.9815E-07 Note: One successful gmin step
Trying gmin =   1.2792E-07 Note: One successful gmin step
Trying gmin =   6.6352E-08 Note: One successful gmin step
Trying gmin =   2.4787E-08 Note: One successful gmin step
Trying gmin =   5.6595E-09 Warning: Further gmin increment
Trying gmin =   1.7134E-08 Note: One successful gmin step
Trying gmin =   9.8474E-09 Note: One successful gmin step
Trying gmin =   4.2905E-09 Note: One successful gmin step
Trying gmin =   1.2339E-09 Note: One successful gmin step
Trying gmin =   1.9031E-10 Note: One successful gmin step
Trying gmin =   1.9031E-11 Note: One successful gmin step
Trying gmin =   1.9031E-12 Note: One successful gmin step
Trying gmin =   1.0000E-12 Note: One successful gmin step
Note: Dynamic gmin stepping completed

No. of Data Rows : 1
Note: Starting dynamic gmin stepping
Trying gmin =   1.0000E-03 Note: One successful gmin step
Trying gmin =   1.0000E-04 Warning: Further gmin increment
Trying gmin =   5.6234E-04 Note: One successful gmin step
Trying gmin =   2.3714E-04 Note: One successful gmin step
Trying gmin =   6.4938E-05 Note: One successful gmin step
Trying gmin =   9.3057E-06 Note: One successful gmin step
Trying gmin =   9.3057E-07 Warning: Further gmin increment
Trying gmin =   5.2330E-06 Note: One successful gmin step
Trying gmin =   2.2067E-06 Note: One successful gmin step
Trying gmin =   6.0430E-07 Note: One successful gmin step
Trying gmin =   1.6548E-07 Warning: Further gmin increment
Trying gmin =   4.3714E-07 Note: One successful gmin step
Trying gmin =   2.6896E-07 Warning: Further gmin increment
Trying gmin =   3.8716E-07 Note: One successful gmin step
Trying gmin =   3.2269E-07 Note: One successful gmin step
Trying gmin =   2.4555E-07 Warning: Further gmin increment
Trying gmin =   3.0139E-07 Note: One successful gmin step
Trying gmin =   2.7204E-07 Note: One successful gmin step
Trying gmin =   2.3329E-07 Note: One successful gmin step
Trying gmin =   1.8526E-07 Note: One successful gmin step
Trying gmin =   1.3110E-07 Note: One successful gmin step
Trying gmin =   7.8046E-08 Note: One successful gmin step
Trying gmin =   3.5849E-08 Note: One successful gmin step
Trying gmin =   1.1160E-08 Warning: Further gmin increment
Trying gmin =   2.6777E-08 Note: One successful gmin step
Trying gmin =   1.7287E-08 Note: One successful gmin step
Trying gmin =   8.9665E-09 Note: One successful gmin step
Trying gmin =   3.3496E-09 Note: One successful gmin step
Trying gmin =   7.6479E-10 Note: One successful gmin step
Trying gmin =   8.3440E-11 Note: One successful gmin step
Trying gmin =   8.3440E-12 Note: One successful gmin step
Trying gmin =   1.0000E-12 Note: One successful gmin step
Note: Dynamic gmin stepping completed

Initial Transient Solution
--------------------------

Node                                   Voltage
----                                   -------
vdd                                        2.5
vss                                          0
cm                                    0.818171
vreg                                   1.63634
in                                    0.318171
ref                                   0.818171
xbias.vlo                                    0
iq0                                   0.666405
xbias.q                               0.806396
gp                                     1.37783
xbias.x                               0.123201
bp                                     1.17232
xbias.tihi                             1.63634
xvreg.y                              0.0266471
xvreg.x                               0.726824
xvreg.bpb                               1.0746
xvreg.bn                              0.649662
xvreg.bpa                              1.49582
iq                                    0.666405
xvreg.s                                      0
xvreg.bn0                             0.649602
vs0                                          0
o                                       1.3178
xdut.y                                0.745771
xdut.x                                0.786202
x                                     0.817987
xdut.x64.c_cap_int1                  -0.572033
e.xdut.x64.ec_cap#branch                     0
eref#branch                                  0
ecm#branch                         4.99817e-05
vs0#branch                         4.50814e-05
viq#branch                         7.47424e-06
vin#branch                         4.99817e-05
vss#branch                         0.000132666
vdd#branch                        -0.000132666


No. of Data Rows : 1020
slewp               =  5.670593e-08 targ=  8.239965e-07 trig=  7.672906e-07
slewm               =  4.729326e-08 targ=  3.105109e-07 trig=  2.632177e-07
ngspice-40 done
