
Note: No compatibility mode selected!


Circuit: * inverter testbench

Doing analysis at TEMP = 27.000000 and TNOM = 27.000000

Note: vdd: dc value used for op instead of transient time=0 value.
Note: Starting dynamic gmin stepping
Trying gmin =   1.0000E-03 Note: One successful gmin step
Trying gmin =   1.0000E-04 Note: One successful gmin step
Trying gmin =   1.0000E-05 Note: One successful gmin step
Trying gmin =   3.1623E-06 Note: One successful gmin step
Trying gmin =   5.6234E-07 Note: One successful gmin step
Trying gmin =   5.6234E-08 Warning: Further gmin increment
Trying gmin =   3.1623E-07 Warning: Further gmin increment
Trying gmin =   4.8697E-07 Note: One successful gmin step
Trying gmin =   3.9242E-07 Warning: Further gmin increment
Trying gmin =   4.6138E-07 Note: One successful gmin step
Trying gmin =   4.2551E-07 Note: One successful gmin step
Trying gmin =   3.7685E-07 Note: One successful gmin step
Trying gmin =   3.1410E-07 Note: One successful gmin step
Trying gmin =   2.3901E-07 Note: One successful gmin step
Trying gmin =   1.5865E-07 Note: One successful gmin step
Trying gmin =   8.5797E-08 Note: One successful gmin step
Trying gmin =   3.4121E-08 Note: One successful gmin step
Trying gmin =   8.5574E-09 Note: One successful gmin step
Trying gmin =   1.0748E-09 Note: One successful gmin step
Trying gmin =   1.0748E-10 Note: One successful gmin step
Trying gmin =   1.0748E-11 Note: One successful gmin step
Trying gmin =   1.0000E-11 Note: One successful gmin step
Note: Dynamic gmin stepping completed

No. of Data Rows : 501
vddmin              =  1.776593e+00
vreg0               =  1.514975e+00
vq0                 =  7.566319e-01
iq0                 =  7.623802e-06
qerr = -1.12952e-03
drop = 2.616180e-01
binary raw file "./out/{num}.raw"
Doing analysis at TEMP = 27.000000 and TNOM = 27.000000

Note: vdd: dc value used for op instead of transient time=0 value.

Total analysis time (seconds) = 0.681

Total elapsed time (seconds) = 0.857 

Total DRAM available = 7841.914 MB.
DRAM currently available = 1032.141 MB.
Maximum ngspice program size =   37.953 MB.
Current ngspice program size =   19.305 MB.

Shared ngspice pages =    9.996 MB.
Text (code) pages =    5.461 MB.
Stack = 0 bytes.
Library pages =   17.512 MB.

