
Note: No compatibility mode selected!


Circuit: * amplifier a open-loop ac testbench

Doing analysis at TEMP = 70.000000 and TNOM = 27.000000

Note: Starting dynamic gmin stepping
Trying gmin =   1.0000E-03 Note: One successful gmin step
Trying gmin =   1.0000E-04 Warning: Further gmin increment
Trying gmin =   5.6234E-04 Note: One successful gmin step
Trying gmin =   2.3714E-04 Note: One successful gmin step
Trying gmin =   6.4938E-05 Note: One successful gmin step
Trying gmin =   9.3057E-06 Note: One successful gmin step
Trying gmin =   3.5227E-06 Warning: Further gmin increment
Trying gmin =   7.2993E-06 Note: One successful gmin step
Trying gmin =   5.0708E-06 Note: One successful gmin step
Trying gmin =   2.9361E-06 Note: One successful gmin step
Trying gmin =   1.2936E-06 Note: One successful gmin step
Trying gmin =   3.7834E-07 Note: One successful gmin step
Trying gmin =   1.1065E-07 Warning: Further gmin increment
Trying gmin =   2.7823E-07 Note: One successful gmin step
Trying gmin =   1.7546E-07 Note: One successful gmin step
Trying gmin =   8.7868E-08 Note: One successful gmin step
Trying gmin =   3.1140E-08 Warning: Further gmin increment
Trying gmin =   6.7796E-08 Note: One successful gmin step
Trying gmin =   4.5948E-08 Note: One successful gmin step
Trying gmin =   2.5636E-08 Note: One successful gmin step
Trying gmin =   1.0684E-08 Note: One successful gmin step
Trying gmin =   2.8745E-09 Note: One successful gmin step
Trying gmin =   4.0115E-10 Note: One successful gmin step
Trying gmin =   4.0115E-11 Note: One successful gmin step
Trying gmin =   4.0115E-12 Note: One successful gmin step
Trying gmin =   1.0000E-12 Note: One successful gmin step
Note: Dynamic gmin stepping completed

No. of Data Rows : 1
Doing analysis at TEMP = 70.000000 and TNOM = 27.000000

Note: Starting dynamic gmin stepping
Trying gmin =   1.0000E-03 Note: One successful gmin step
Trying gmin =   1.0000E-04 Warning: Further gmin increment
Trying gmin =   5.6234E-04 Note: One successful gmin step
Trying gmin =   2.3714E-04 Note: One successful gmin step
Trying gmin =   6.4938E-05 Note: One successful gmin step
Trying gmin =   9.3057E-06 Note: One successful gmin step
Trying gmin =   3.5227E-06 Warning: Further gmin increment
Trying gmin =   7.2993E-06 Note: One successful gmin step
Trying gmin =   5.0708E-06 Note: One successful gmin step
Trying gmin =   2.9361E-06 Note: One successful gmin step
Trying gmin =   1.2936E-06 Note: One successful gmin step
Trying gmin =   3.7834E-07 Note: One successful gmin step
Trying gmin =   1.1065E-07 Warning: Further gmin increment
Trying gmin =   2.7823E-07 Note: One successful gmin step
Trying gmin =   1.7546E-07 Note: One successful gmin step
Trying gmin =   8.7868E-08 Note: One successful gmin step
Trying gmin =   3.1140E-08 Warning: Further gmin increment
Trying gmin =   6.7796E-08 Note: One successful gmin step
Trying gmin =   4.5948E-08 Note: One successful gmin step
Trying gmin =   2.5636E-08 Note: One successful gmin step
Trying gmin =   1.0684E-08 Note: One successful gmin step
Trying gmin =   2.8745E-09 Note: One successful gmin step
Trying gmin =   4.0115E-10 Note: One successful gmin step
Trying gmin =   4.0115E-11 Note: One successful gmin step
Trying gmin =   4.0115E-12 Note: One successful gmin step
Trying gmin =   1.0000E-12 Note: One successful gmin step
Note: Dynamic gmin stepping completed

No. of Data Rows : 901
Doing analysis at TEMP = 70.000000 and TNOM = 27.000000

Note: Starting dynamic gmin stepping
Trying gmin =   1.0000E-03 Note: One successful gmin step
Trying gmin =   1.0000E-04 Warning: Further gmin increment
Trying gmin =   5.6234E-04 Note: One successful gmin step
Trying gmin =   2.3714E-04 Note: One successful gmin step
Trying gmin =   6.4938E-05 Note: One successful gmin step
Trying gmin =   9.3057E-06 Note: One successful gmin step
Trying gmin =   3.5227E-06 Warning: Further gmin increment
Trying gmin =   7.2993E-06 Note: One successful gmin step
Trying gmin =   5.0708E-06 Note: One successful gmin step
Trying gmin =   2.9361E-06 Note: One successful gmin step
Trying gmin =   1.2936E-06 Note: One successful gmin step
Trying gmin =   3.7834E-07 Note: One successful gmin step
Trying gmin =   1.1065E-07 Warning: Further gmin increment
Trying gmin =   2.7823E-07 Note: One successful gmin step
Trying gmin =   1.7546E-07 Note: One successful gmin step
Trying gmin =   8.7868E-08 Note: One successful gmin step
Trying gmin =   3.1140E-08 Warning: Further gmin increment
Trying gmin =   6.7796E-08 Note: One successful gmin step
Trying gmin =   4.5948E-08 Note: One successful gmin step
Trying gmin =   2.5636E-08 Note: One successful gmin step
Trying gmin =   1.0684E-08 Note: One successful gmin step
Trying gmin =   2.8745E-09 Note: One successful gmin step
Trying gmin =   4.0115E-10 Note: One successful gmin step
Trying gmin =   4.0115E-11 Note: One successful gmin step
Trying gmin =   4.0115E-12 Note: One successful gmin step
Trying gmin =   1.0000E-12 Note: One successful gmin step
Note: Dynamic gmin stepping completed

No. of Data Rows : 1
Doing analysis at TEMP = 70.000000 and TNOM = 27.000000

Note: Starting dynamic gmin stepping
Trying gmin =   1.0000E-03 Note: One successful gmin step
Trying gmin =   1.0000E-04 Warning: Further gmin increment
Trying gmin =   5.6234E-04 Note: One successful gmin step
Trying gmin =   2.3714E-04 Note: One successful gmin step
Trying gmin =   6.4938E-05 Note: One successful gmin step
Trying gmin =   9.3057E-06 Note: One successful gmin step
Trying gmin =   3.5227E-06 Warning: Further gmin increment
Trying gmin =   7.2993E-06 Note: One successful gmin step
Trying gmin =   5.0708E-06 Note: One successful gmin step
Trying gmin =   2.9361E-06 Note: One successful gmin step
Trying gmin =   1.2936E-06 Note: One successful gmin step
Trying gmin =   3.7834E-07 Note: One successful gmin step
Trying gmin =   1.1065E-07 Warning: Further gmin increment
Trying gmin =   2.7823E-07 Note: One successful gmin step
Trying gmin =   1.7546E-07 Note: One successful gmin step
Trying gmin =   8.7868E-08 Note: One successful gmin step
Trying gmin =   3.1140E-08 Warning: Further gmin increment
Trying gmin =   6.7796E-08 Note: One successful gmin step
Trying gmin =   4.5948E-08 Note: One successful gmin step
Trying gmin =   2.5636E-08 Note: One successful gmin step
Trying gmin =   1.0684E-08 Note: One successful gmin step
Trying gmin =   2.8745E-09 Note: One successful gmin step
Trying gmin =   4.0115E-10 Note: One successful gmin step
Trying gmin =   4.0115E-11 Note: One successful gmin step
Trying gmin =   4.0115E-12 Note: One successful gmin step
Trying gmin =   1.0000E-12 Note: One successful gmin step
Note: Dynamic gmin stepping completed

No. of Data Rows : 901
Doing analysis at TEMP = 70.000000 and TNOM = 27.000000

Note: Starting dynamic gmin stepping
Trying gmin =   1.0000E-03 Note: One successful gmin step
Trying gmin =   1.0000E-04 Warning: Further gmin increment
Trying gmin =   5.6234E-04 Note: One successful gmin step
Trying gmin =   2.3714E-04 Note: One successful gmin step
Trying gmin =   6.4938E-05 Note: One successful gmin step
Trying gmin =   9.3057E-06 Note: One successful gmin step
Trying gmin =   3.5227E-06 Warning: Further gmin increment
Trying gmin =   7.2993E-06 Note: One successful gmin step
Trying gmin =   5.0708E-06 Note: One successful gmin step
Trying gmin =   2.9361E-06 Note: One successful gmin step
Trying gmin =   1.2936E-06 Note: One successful gmin step
Trying gmin =   3.7834E-07 Note: One successful gmin step
Trying gmin =   1.1065E-07 Warning: Further gmin increment
Trying gmin =   2.7823E-07 Note: One successful gmin step
Trying gmin =   1.7546E-07 Note: One successful gmin step
Trying gmin =   8.7868E-08 Note: One successful gmin step
Trying gmin =   3.1140E-08 Warning: Further gmin increment
Trying gmin =   6.7796E-08 Note: One successful gmin step
Trying gmin =   4.5948E-08 Note: One successful gmin step
Trying gmin =   2.5636E-08 Note: One successful gmin step
Trying gmin =   1.0684E-08 Note: One successful gmin step
Trying gmin =   2.8745E-09 Note: One successful gmin step
Trying gmin =   4.0115E-10 Note: One successful gmin step
Trying gmin =   4.0115E-11 Note: One successful gmin step
Trying gmin =   4.0115E-12 Note: One successful gmin step
Trying gmin =   1.0000E-12 Note: One successful gmin step
Note: Dynamic gmin stepping completed

No. of Data Rows : 1
Doing analysis at TEMP = 70.000000 and TNOM = 27.000000

Note: Starting dynamic gmin stepping
Trying gmin =   1.0000E-03 Note: One successful gmin step
Trying gmin =   1.0000E-04 Warning: Further gmin increment
Trying gmin =   5.6234E-04 Note: One successful gmin step
Trying gmin =   2.3714E-04 Note: One successful gmin step
Trying gmin =   6.4938E-05 Note: One successful gmin step
Trying gmin =   9.3057E-06 Note: One successful gmin step
Trying gmin =   3.5227E-06 Warning: Further gmin increment
Trying gmin =   7.2993E-06 Note: One successful gmin step
Trying gmin =   5.0708E-06 Note: One successful gmin step
Trying gmin =   2.9361E-06 Note: One successful gmin step
Trying gmin =   1.2936E-06 Note: One successful gmin step
Trying gmin =   3.7834E-07 Note: One successful gmin step
Trying gmin =   1.1065E-07 Warning: Further gmin increment
Trying gmin =   2.7823E-07 Note: One successful gmin step
Trying gmin =   1.7546E-07 Note: One successful gmin step
Trying gmin =   8.7868E-08 Note: One successful gmin step
Trying gmin =   3.1140E-08 Warning: Further gmin increment
Trying gmin =   6.7796E-08 Note: One successful gmin step
Trying gmin =   4.5948E-08 Note: One successful gmin step
Trying gmin =   2.5636E-08 Note: One successful gmin step
Trying gmin =   1.0684E-08 Note: One successful gmin step
Trying gmin =   2.8745E-09 Note: One successful gmin step
Trying gmin =   4.0115E-10 Note: One successful gmin step
Trying gmin =   4.0115E-11 Note: One successful gmin step
Trying gmin =   4.0115E-12 Note: One successful gmin step
Trying gmin =   1.0000E-12 Note: One successful gmin step
Note: Dynamic gmin stepping completed

No. of Data Rows : 901
gbw                 =  6.365596e+06
pm                  =  3.238384e+01
av_1hz              =  9.426949e+01
cmrr_1hz            =  4.685171e+01
psrr_1hz            =  1.623817e+02
idd = 6.725993e-05
fom = 1.892835e+02
binary raw file "./out/{num}.raw"
Doing analysis at TEMP = 70.000000 and TNOM = 27.000000

OP information in rawfile.

Total analysis time (seconds) = 3.037

Total elapsed time (seconds) = 3.321 

Total DRAM available = 7841.914 MB.
DRAM currently available =  908.266 MB.
Maximum ngspice program size =   50.406 MB.
Current ngspice program size =   32.754 MB.

Shared ngspice pages =   10.961 MB.
Text (code) pages =    5.461 MB.
Stack = 0 bytes.
Library pages =   29.965 MB.

