
Note: No compatibility mode selected!


Circuit: * amplifier b buffer transient testbench

Doing analysis at TEMP = 70.000000 and TNOM = 27.000000

Note: vin: dc value used for op instead of transient time=0 value.
Note: Starting dynamic gmin stepping
Trying gmin =   1.0000E-03 Note: One successful gmin step
Trying gmin =   1.0000E-04 Warning: Further gmin increment
Trying gmin =   5.6234E-04 Note: One successful gmin step
Trying gmin =   2.3714E-04 Note: One successful gmin step
Trying gmin =   6.4938E-05 Note: One successful gmin step
Trying gmin =   9.3057E-06 Note: One successful gmin step
Trying gmin =   9.3057E-07 Warning: Further gmin increment
Trying gmin =   5.2330E-06 Note: One successful gmin step
Trying gmin =   2.2067E-06 Note: One successful gmin step
Trying gmin =   9.3057E-07 Note: One successful gmin step
Trying gmin =   3.9242E-07 Note: One successful gmin step
Trying gmin =   1.6548E-07 Note: One successful gmin step
Trying gmin =   4.5316E-08 Warning: Further gmin increment
Trying gmin =   1.1971E-07 Note: One successful gmin step
Trying gmin =   7.3653E-08 Note: One successful gmin step
Trying gmin =   3.5545E-08 Note: One successful gmin step
Trying gmin =   1.1917E-08 Note: One successful gmin step
Trying gmin =   2.3134E-09 Note: One successful gmin step
Trying gmin =   2.3134E-10 Note: One successful gmin step
Trying gmin =   1.0000E-10 Note: One successful gmin step
Note: Dynamic gmin stepping completed

No. of Data Rows : 1
Note: Starting dynamic gmin stepping
Trying gmin =   1.0000E-03 Note: One successful gmin step
Trying gmin =   1.0000E-04 Warning: Further gmin increment
Trying gmin =   5.6234E-04 Note: One successful gmin step
Trying gmin =   2.3714E-04 Note: One successful gmin step
Trying gmin =   6.4938E-05 Note: One successful gmin step
Trying gmin =   9.3057E-06 Note: One successful gmin step
Trying gmin =   9.3057E-07 Warning: Further gmin increment
Trying gmin =   5.2330E-06 Note: One successful gmin step
Trying gmin =   2.2067E-06 Note: One successful gmin step
Trying gmin =   6.0430E-07 Note: One successful gmin step
Trying gmin =   1.6548E-07 Warning: Further gmin increment
Trying gmin =   4.3714E-07 Note: One successful gmin step
Trying gmin =   2.6896E-07 Note: One successful gmin step
Trying gmin =   1.2980E-07 Note: One successful gmin step
Trying gmin =   4.3518E-08 Warning: Further gmin increment
Trying gmin =   9.8771E-08 Note: One successful gmin step
Trying gmin =   6.5562E-08 Note: One successful gmin step
Trying gmin =   3.5455E-08 Note: One successful gmin step
Trying gmin =   1.4100E-08 Note: One successful gmin step
Trying gmin =   3.5363E-09 Note: One successful gmin step
Trying gmin =   4.4416E-10 Note: One successful gmin step
Trying gmin =   1.0000E-10 Note: One successful gmin step
Note: Dynamic gmin stepping completed

Initial Transient Solution
--------------------------

Node                                   Voltage
----                                   -------
vdd                                        2.5
vss                                          0
cm                                    0.844688
vreg                                   1.68938
in                                    0.344688
ref                                   0.844688
xbias.vlo                                    0
iq0                                   0.674361
xbias.q                               0.843582
gp                                     1.54389
xbias.x                               0.598377
bp                                     1.49872
xbias.tihi                             1.68938
xvreg.y                              0.0316293
xvreg.x                               0.748931
xvreg.bpb                               1.2238
xvreg.bn                              0.657326
xvreg.bpa                              1.68137
iq                                    0.674361
xvreg.s                                      0
xvreg.bn0                             0.657928
vs0                                          0
o                                      1.34366
xdut.y                                0.730333
xdut.x                                0.836722
x                                     0.844174
xdut.x64.c_cap_int1                  -0.613328
e.xdut.x64.ec_cap#branch                     0
eref#branch                                  0
ecm#branch                         4.99486e-05
vs0#branch                         5.39487e-05
viq#branch                          7.4567e-06
vin#branch                         4.99486e-05
vss#branch                         0.000142331
vdd#branch                        -0.000142331


No. of Data Rows : 1020
slewp               =  9.722887e-08 targ=  8.566202e-07 trig=  7.593914e-07
slewm               =  9.226714e-08 targ=  3.487956e-07 trig=  2.565285e-07
ngspice-40 done
