
Note: No compatibility mode selected!


Circuit: * amplifier b buffer transient testbench

Doing analysis at TEMP = 70.000000 and TNOM = 27.000000

Note: vin: dc value used for op instead of transient time=0 value.
Note: Starting dynamic gmin stepping
Trying gmin =   1.0000E-03 Note: One successful gmin step
Trying gmin =   1.0000E-04 Warning: Further gmin increment
Trying gmin =   5.6234E-04 Note: One successful gmin step
Trying gmin =   2.3714E-04 Note: One successful gmin step
Trying gmin =   6.4938E-05 Note: One successful gmin step
Trying gmin =   9.3057E-06 Note: One successful gmin step
Trying gmin =   1.3335E-06 Warning: Further gmin increment
Trying gmin =   5.7255E-06 Note: One successful gmin step
Trying gmin =   2.7632E-06 Note: One successful gmin step
Trying gmin =   9.2640E-07 Note: One successful gmin step
Trying gmin =   1.7984E-07 Note: One successful gmin step
Trying gmin =   3.4912E-08 Warning: Further gmin increment
Trying gmin =   1.1937E-07 Note: One successful gmin step
Trying gmin =   6.4556E-08 Note: One successful gmin step
Trying gmin =   2.5673E-08 Note: One successful gmin step
Trying gmin =   6.4388E-09 Note: One successful gmin step
Trying gmin =   8.0871E-10 Note: One successful gmin step
Trying gmin =   1.0000E-10 Note: One successful gmin step
Note: Dynamic gmin stepping completed

No. of Data Rows : 1
Note: Starting dynamic gmin stepping
Trying gmin =   1.0000E-03 Note: One successful gmin step
Trying gmin =   1.0000E-04 Warning: Further gmin increment
Trying gmin =   5.6234E-04 Note: One successful gmin step
Trying gmin =   2.3714E-04 Note: One successful gmin step
Trying gmin =   6.4938E-05 Note: One successful gmin step
Trying gmin =   9.3057E-06 Note: One successful gmin step
Trying gmin =   1.3335E-06 Warning: Further gmin increment
Trying gmin =   5.7255E-06 Note: One successful gmin step
Trying gmin =   2.7632E-06 Note: One successful gmin step
Trying gmin =   9.2640E-07 Warning: Further gmin increment
Trying gmin =   2.1026E-06 Note: One successful gmin step
Trying gmin =   1.3956E-06 Note: One successful gmin step
Trying gmin =   7.5476E-07 Note: One successful gmin step
Trying gmin =   3.0016E-07 Note: One successful gmin step
Trying gmin =   7.5280E-08 Warning: Further gmin increment
Trying gmin =   2.1242E-07 Note: One successful gmin step
Trying gmin =   1.2645E-07 Note: One successful gmin step
Trying gmin =   5.8083E-08 Warning: Further gmin increment
Trying gmin =   1.0410E-07 Note: One successful gmin step
Trying gmin =   7.7760E-08 Note: One successful gmin step
Trying gmin =   5.0199E-08 Note: One successful gmin step
Trying gmin =   2.6038E-08 Note: One successful gmin step
Trying gmin =   9.7270E-09 Note: One successful gmin step
Trying gmin =   2.2209E-09 Note: One successful gmin step
Trying gmin =   2.4231E-10 Note: One successful gmin step
Trying gmin =   1.0000E-10 Note: One successful gmin step
Note: Dynamic gmin stepping completed

Initial Transient Solution
--------------------------

Node                                   Voltage
----                                   -------
vdd                                        2.5
vss                                          0
cm                                    0.733791
vreg                                   1.46758
in                                    0.233791
ref                                   0.733791
xbias.vlo                                    0
iq0                                   0.579924
xbias.q                               0.732724
gp                                     1.69619
xbias.x                               0.519419
bp                                     1.29352
xbias.tihi                             1.46758
xvreg.y                              0.0315585
xvreg.x                               0.640447
xvreg.bpb                              1.38605
xvreg.bn                              0.549426
xvreg.bpa                              1.81776
iq                                    0.579924
xvreg.s                                      0
xvreg.bn0                             0.551858
vs0                                          0
o                                      1.23265
xdut.y                                0.618149
xdut.x                                0.726331
x                                     0.733219
xdut.x64.c_cap_int1                  -0.614498
e.xdut.x64.ec_cap#branch                     0
eref#branch                                  0
ecm#branch                         4.99428e-05
vs0#branch                         5.75509e-05
viq#branch                         7.99762e-06
vin#branch                         4.99428e-05
vss#branch                         0.000148569
vdd#branch                        -0.000148569


No. of Data Rows : 1020
slewp               =  9.248209e-08 targ=  8.508511e-07 trig=  7.583690e-07
slewm               =  8.962548e-08 targ=  3.456855e-07 trig=  2.560600e-07
ngspice-40 done
