
Note: No compatibility mode selected!


Circuit: * amplifier b buffer transient testbench

Doing analysis at TEMP = 70.000000 and TNOM = 27.000000

Note: vin: dc value used for op instead of transient time=0 value.
Note: Starting dynamic gmin stepping
Trying gmin =   1.0000E-03 Note: One successful gmin step
Trying gmin =   1.0000E-04 Note: One successful gmin step
Trying gmin =   3.1623E-05 Note: One successful gmin step
Trying gmin =   5.6234E-06 Note: One successful gmin step
Trying gmin =   2.3714E-06 Warning: Further gmin increment
Trying gmin =   4.5316E-06 Note: One successful gmin step
Trying gmin =   3.2781E-06 Note: One successful gmin step
Trying gmin =   2.0169E-06 Note: One successful gmin step
Trying gmin =   9.7338E-07 Note: One successful gmin step
Trying gmin =   3.2634E-07 Note: One successful gmin step
Trying gmin =   1.0941E-07 Note: One successful gmin step
Trying gmin =   3.6682E-08 Warning: Further gmin increment
Trying gmin =   8.3255E-08 Note: One successful gmin step
Trying gmin =   5.5263E-08 Note: One successful gmin step
Trying gmin =   2.9886E-08 Note: One successful gmin step
Trying gmin =   1.1885E-08 Note: One successful gmin step
Trying gmin =   2.9808E-09 Note: One successful gmin step
Trying gmin =   3.7439E-10 Note: One successful gmin step
Trying gmin =   1.0000E-10 Note: One successful gmin step
Note: Dynamic gmin stepping completed

No. of Data Rows : 1
Note: Starting dynamic gmin stepping
Trying gmin =   1.0000E-03 Note: One successful gmin step
Trying gmin =   1.0000E-04 Warning: Further gmin increment
Trying gmin =   5.6234E-04 Note: One successful gmin step
Trying gmin =   2.3714E-04 Note: One successful gmin step
Trying gmin =   6.4938E-05 Note: One successful gmin step
Trying gmin =   9.3057E-06 Note: One successful gmin step
Trying gmin =   9.3057E-07 Warning: Further gmin increment
Trying gmin =   5.2330E-06 Note: One successful gmin step
Trying gmin =   2.2067E-06 Note: One successful gmin step
Trying gmin =   9.3057E-07 Note: One successful gmin step
Trying gmin =   2.5483E-07 Warning: Further gmin increment
Trying gmin =   6.7317E-07 Note: One successful gmin step
Trying gmin =   4.1418E-07 Note: One successful gmin step
Trying gmin =   1.9989E-07 Warning: Further gmin increment
Trying gmin =   3.4521E-07 Note: One successful gmin step
Trying gmin =   2.6268E-07 Note: One successful gmin step
Trying gmin =   1.7436E-07 Note: One successful gmin step
Trying gmin =   9.4295E-08 Note: One successful gmin step
Trying gmin =   3.7500E-08 Warning: Further gmin increment
Trying gmin =   7.4881E-08 Note: One successful gmin step
Trying gmin =   5.2991E-08 Note: One successful gmin step
Trying gmin =   3.1546E-08 Note: One successful gmin step
Trying gmin =   1.4490E-08 Note: One successful gmin step
Trying gmin =   4.5107E-09 Note: One successful gmin step
Trying gmin =   7.8346E-10 Note: One successful gmin step
Trying gmin =   1.0000E-10 Note: One successful gmin step
Note: Dynamic gmin stepping completed

Initial Transient Solution
--------------------------

Node                                   Voltage
----                                   -------
vdd                                        2.5
vss                                          0
cm                                    0.781713
vreg                                   1.56343
in                                    0.281713
ref                                   0.781713
xbias.vlo                                    0
iq0                                   0.597866
xbias.q                               0.762842
gp                                     1.43625
xbias.x                               0.127213
bp                                     1.12922
xbias.tihi                             1.56342
xvreg.y                              0.0315379
xvreg.x                               0.669608
xvreg.bpb                              1.08472
xvreg.bn                              0.578471
xvreg.bpa                              1.58275
iq                                    0.597866
xvreg.s                                      0
xvreg.bn0                             0.579675
vs0                                          0
o                                      1.28056
xdut.y                                0.625496
xdut.x                                0.737036
x                                     0.781138
xdut.x64.c_cap_int1                  -0.655066
e.xdut.x64.ec_cap#branch                     0
eref#branch                                  0
ecm#branch                         4.99425e-05
vs0#branch                         5.80513e-05
viq#branch                         7.74341e-06
vin#branch                         4.99425e-05
vss#branch                         0.000147088
vdd#branch                        -0.000147088


No. of Data Rows : 1020
slewp               =  1.006192e-07 targ=  8.605612e-07 trig=  7.599420e-07
slewm               =  9.461848e-08 targ=  3.508038e-07 trig=  2.561853e-07
ngspice-40 done
