
Note: No compatibility mode selected!


Circuit: * amplifier b buffer transient testbench

Doing analysis at TEMP = 27.000000 and TNOM = 27.000000

Note: vin: dc value used for op instead of transient time=0 value.
Note: Starting dynamic gmin stepping
Trying gmin =   1.0000E-03 Note: One successful gmin step
Trying gmin =   1.0000E-04 Warning: Further gmin increment
Trying gmin =   5.6234E-04 Note: One successful gmin step
Trying gmin =   2.3714E-04 Note: One successful gmin step
Trying gmin =   6.4938E-05 Note: One successful gmin step
Trying gmin =   9.3057E-06 Note: One successful gmin step
Trying gmin =   9.3057E-07 Warning: Further gmin increment
Trying gmin =   5.2330E-06 Note: One successful gmin step
Trying gmin =   2.9427E-06 Note: One successful gmin step
Trying gmin =   2.2067E-06 Note: One successful gmin step
Trying gmin =   1.4330E-06 Note: One successful gmin step
Trying gmin =   7.4989E-07 Note: One successful gmin step
Trying gmin =   2.8387E-07 Note: One successful gmin step
Trying gmin =   1.0746E-07 Note: One successful gmin step
Trying gmin =   2.5029E-08 Warning: Further gmin increment
Trying gmin =   7.4653E-08 Note: One successful gmin step
Trying gmin =   4.3226E-08 Note: One successful gmin step
Trying gmin =   1.9045E-08 Note: One successful gmin step
Trying gmin =   5.5699E-09 Note: One successful gmin step
Trying gmin =   8.8094E-10 Note: One successful gmin step
Trying gmin =   1.0000E-10 Note: One successful gmin step
Note: Dynamic gmin stepping completed

No. of Data Rows : 1
Note: Starting dynamic gmin stepping
Trying gmin =   1.0000E-03 Note: One successful gmin step
Trying gmin =   1.0000E-04 Warning: Further gmin increment
Trying gmin =   5.6234E-04 Note: One successful gmin step
Trying gmin =   2.3714E-04 Note: One successful gmin step
Trying gmin =   6.4938E-05 Note: One successful gmin step
Trying gmin =   9.3057E-06 Note: One successful gmin step
Trying gmin =   9.3057E-07 Warning: Further gmin increment
Trying gmin =   5.2330E-06 Note: One successful gmin step
Trying gmin =   2.2067E-06 Note: One successful gmin step
Trying gmin =   6.0430E-07 Note: One successful gmin step
Trying gmin =   1.6548E-07 Warning: Further gmin increment
Trying gmin =   4.3714E-07 Note: One successful gmin step
Trying gmin =   2.6896E-07 Note: One successful gmin step
Trying gmin =   1.2980E-07 Note: One successful gmin step
Trying gmin =   4.3518E-08 Warning: Further gmin increment
Trying gmin =   9.8771E-08 Note: One successful gmin step
Trying gmin =   6.5562E-08 Note: One successful gmin step
Trying gmin =   3.5455E-08 Note: One successful gmin step
Trying gmin =   1.4100E-08 Note: One successful gmin step
Trying gmin =   3.5363E-09 Note: One successful gmin step
Trying gmin =   4.4416E-10 Note: One successful gmin step
Trying gmin =   1.0000E-10 Note: One successful gmin step
Note: Dynamic gmin stepping completed

Initial Transient Solution
--------------------------

Node                                   Voltage
----                                   -------
vdd                                        2.5
vss                                          0
cm                                    0.803932
vreg                                   1.60786
in                                    0.303932
ref                                   0.803932
xbias.vlo                                    0
iq0                                   0.639411
xbias.q                               0.788672
gp                                     1.39558
xbias.x                                0.12091
bp                                     1.15675
xbias.tihi                             1.60786
xvreg.y                              0.0284755
xvreg.x                               0.703989
xvreg.bpb                              1.07975
xvreg.bn                              0.621614
xvreg.bpa                              1.52994
iq                                    0.639411
xvreg.s                                      0
xvreg.bn0                             0.621992
vs0                                          0
o                                      1.30297
xdut.y                                0.665031
xdut.x                                0.765681
x                                     0.803453
xdut.x64.c_cap_int1                  -0.637943
e.xdut.x64.ec_cap#branch                     0
eref#branch                                  0
ecm#branch                         4.99521e-05
vs0#branch                         5.60006e-05
viq#branch                         7.53165e-06
vin#branch                         4.99521e-05
vss#branch                         0.000144141
vdd#branch                        -0.000144141


No. of Data Rows : 1020
slewp               =  9.212394e-08 targ=  8.515124e-07 trig=  7.593885e-07
slewm               =  8.231852e-08 targ=  3.379378e-07 trig=  2.556193e-07
ngspice-40 done
