
Note: No compatibility mode selected!


Circuit: * amplifier b open-loop ac testbench

Doing analysis at TEMP = 27.000000 and TNOM = 27.000000

Note: Starting dynamic gmin stepping
Trying gmin =   1.0000E-03 Note: One successful gmin step
Trying gmin =   1.0000E-04 Warning: Further gmin increment
Trying gmin =   5.6234E-04 Note: One successful gmin step
Trying gmin =   2.3714E-04 Note: One successful gmin step
Trying gmin =   6.4938E-05 Note: One successful gmin step
Trying gmin =   9.3057E-06 Note: One successful gmin step
Trying gmin =   1.3335E-06 Warning: Further gmin increment
Trying gmin =   5.7255E-06 Note: One successful gmin step
Trying gmin =   2.7632E-06 Note: One successful gmin step
Trying gmin =   9.2640E-07 Note: One successful gmin step
Trying gmin =   1.7984E-07 Warning: Further gmin increment
Trying gmin =   6.1492E-07 Note: One successful gmin step
Trying gmin =   3.3255E-07 Note: One successful gmin step
Trying gmin =   1.3225E-07 Note: One successful gmin step
Trying gmin =   3.3168E-08 Warning: Further gmin increment
Trying gmin =   9.3590E-08 Note: One successful gmin step
Trying gmin =   5.5715E-08 Note: One successful gmin step
Trying gmin =   2.5591E-08 Note: One successful gmin step
Trying gmin =   7.9666E-09 Warning: Further gmin increment
Trying gmin =   1.9116E-08 Note: One successful gmin step
Trying gmin =   1.2340E-08 Note: One successful gmin step
Trying gmin =   6.4009E-09 Note: One successful gmin step
Trying gmin =   2.3912E-09 Note: One successful gmin step
Trying gmin =   5.4597E-10 Note: One successful gmin step
Trying gmin =   5.9566E-11 Note: One successful gmin step
Trying gmin =   5.9566E-12 Note: One successful gmin step
Trying gmin =   1.0000E-12 Note: One successful gmin step
Note: Dynamic gmin stepping completed

No. of Data Rows : 1
Doing analysis at TEMP = 27.000000 and TNOM = 27.000000

Note: Starting dynamic gmin stepping
Trying gmin =   1.0000E-03 Note: One successful gmin step
Trying gmin =   1.0000E-04 Warning: Further gmin increment
Trying gmin =   5.6234E-04 Note: One successful gmin step
Trying gmin =   2.3714E-04 Note: One successful gmin step
Trying gmin =   6.4938E-05 Note: One successful gmin step
Trying gmin =   9.3057E-06 Note: One successful gmin step
Trying gmin =   1.3335E-06 Warning: Further gmin increment
Trying gmin =   5.7255E-06 Note: One successful gmin step
Trying gmin =   2.7632E-06 Note: One successful gmin step
Trying gmin =   9.2640E-07 Note: One successful gmin step
Trying gmin =   1.7984E-07 Warning: Further gmin increment
Trying gmin =   6.1492E-07 Note: One successful gmin step
Trying gmin =   3.3255E-07 Note: One successful gmin step
Trying gmin =   1.3225E-07 Note: One successful gmin step
Trying gmin =   3.3168E-08 Warning: Further gmin increment
Trying gmin =   9.3590E-08 Note: One successful gmin step
Trying gmin =   5.5715E-08 Note: One successful gmin step
Trying gmin =   2.5591E-08 Note: One successful gmin step
Trying gmin =   7.9666E-09 Warning: Further gmin increment
Trying gmin =   1.9116E-08 Note: One successful gmin step
Trying gmin =   1.2340E-08 Note: One successful gmin step
Trying gmin =   6.4009E-09 Note: One successful gmin step
Trying gmin =   2.3912E-09 Note: One successful gmin step
Trying gmin =   5.4597E-10 Note: One successful gmin step
Trying gmin =   5.9566E-11 Note: One successful gmin step
Trying gmin =   5.9566E-12 Note: One successful gmin step
Trying gmin =   1.0000E-12 Note: One successful gmin step
Note: Dynamic gmin stepping completed

No. of Data Rows : 901
Doing analysis at TEMP = 27.000000 and TNOM = 27.000000

Note: Starting dynamic gmin stepping
Trying gmin =   1.0000E-03 Note: One successful gmin step
Trying gmin =   1.0000E-04 Warning: Further gmin increment
Trying gmin =   5.6234E-04 Note: One successful gmin step
Trying gmin =   2.3714E-04 Note: One successful gmin step
Trying gmin =   6.4938E-05 Note: One successful gmin step
Trying gmin =   9.3057E-06 Note: One successful gmin step
Trying gmin =   1.3335E-06 Warning: Further gmin increment
Trying gmin =   5.7255E-06 Note: One successful gmin step
Trying gmin =   2.7632E-06 Note: One successful gmin step
Trying gmin =   9.2640E-07 Note: One successful gmin step
Trying gmin =   1.7984E-07 Warning: Further gmin increment
Trying gmin =   6.1492E-07 Note: One successful gmin step
Trying gmin =   3.3255E-07 Note: One successful gmin step
Trying gmin =   1.3225E-07 Note: One successful gmin step
Trying gmin =   3.3168E-08 Warning: Further gmin increment
Trying gmin =   9.3590E-08 Note: One successful gmin step
Trying gmin =   5.5715E-08 Note: One successful gmin step
Trying gmin =   2.5591E-08 Note: One successful gmin step
Trying gmin =   7.9666E-09 Warning: Further gmin increment
Trying gmin =   1.9116E-08 Note: One successful gmin step
Trying gmin =   1.2340E-08 Note: One successful gmin step
Trying gmin =   6.4009E-09 Note: One successful gmin step
Trying gmin =   2.3912E-09 Note: One successful gmin step
Trying gmin =   5.4597E-10 Note: One successful gmin step
Trying gmin =   5.9566E-11 Note: One successful gmin step
Trying gmin =   5.9566E-12 Note: One successful gmin step
Trying gmin =   1.0000E-12 Note: One successful gmin step
Note: Dynamic gmin stepping completed

No. of Data Rows : 901
Doing analysis at TEMP = 27.000000 and TNOM = 27.000000

Note: Starting dynamic gmin stepping
Trying gmin =   1.0000E-03 Note: One successful gmin step
Trying gmin =   1.0000E-04 Warning: Further gmin increment
Trying gmin =   5.6234E-04 Note: One successful gmin step
Trying gmin =   2.3714E-04 Note: One successful gmin step
Trying gmin =   6.4938E-05 Note: One successful gmin step
Trying gmin =   9.3057E-06 Note: One successful gmin step
Trying gmin =   1.3335E-06 Warning: Further gmin increment
Trying gmin =   5.7255E-06 Note: One successful gmin step
Trying gmin =   2.7632E-06 Note: One successful gmin step
Trying gmin =   9.2640E-07 Note: One successful gmin step
Trying gmin =   1.7984E-07 Warning: Further gmin increment
Trying gmin =   6.1492E-07 Note: One successful gmin step
Trying gmin =   3.3255E-07 Note: One successful gmin step
Trying gmin =   1.3225E-07 Note: One successful gmin step
Trying gmin =   3.3168E-08 Warning: Further gmin increment
Trying gmin =   9.3590E-08 Note: One successful gmin step
Trying gmin =   5.5715E-08 Note: One successful gmin step
Trying gmin =   2.5591E-08 Note: One successful gmin step
Trying gmin =   7.9666E-09 Warning: Further gmin increment
Trying gmin =   1.9116E-08 Note: One successful gmin step
Trying gmin =   1.2340E-08 Note: One successful gmin step
Trying gmin =   6.4009E-09 Note: One successful gmin step
Trying gmin =   2.3912E-09 Note: One successful gmin step
Trying gmin =   5.4597E-10 Note: One successful gmin step
Trying gmin =   5.9566E-11 Note: One successful gmin step
Trying gmin =   5.9566E-12 Note: One successful gmin step
Trying gmin =   1.0000E-12 Note: One successful gmin step
Note: Dynamic gmin stepping completed

No. of Data Rows : 901
gbw                 =  5.863087e+06
pm                  =  5.903523e+01
av_1hz              =  8.843192e+01
cmrr_1hz            =  9.368772e+01
psrr_1hz            =  1.327175e+02
idd = 7.158183e-05
fom = 1.638150e+02
binary raw file "./out/{num}.raw"
Doing analysis at TEMP = 27.000000 and TNOM = 27.000000

OP information in rawfile.

Total analysis time (seconds) = 2.07

Total elapsed time (seconds) = 2.343 

Total DRAM available = 7841.914 MB.
DRAM currently available =  798.707 MB.
Maximum ngspice program size =   50.250 MB.
Current ngspice program size =   32.625 MB.

Shared ngspice pages =   11.020 MB.
Text (code) pages =    5.461 MB.
Stack = 0 bytes.
Library pages =   29.809 MB.

