
Note: No compatibility mode selected!


Circuit: * amplifier b open-loop ac testbench

Doing analysis at TEMP = 70.000000 and TNOM = 27.000000

Note: Starting dynamic gmin stepping
Trying gmin =   1.0000E-03 Note: One successful gmin step
Trying gmin =   1.0000E-04 Warning: Further gmin increment
Trying gmin =   5.6234E-04 Note: One successful gmin step
Trying gmin =   2.3714E-04 Note: One successful gmin step
Trying gmin =   6.4938E-05 Note: One successful gmin step
Trying gmin =   9.3057E-06 Note: One successful gmin step
Trying gmin =   3.5227E-06 Note: One successful gmin step
Trying gmin =   8.2047E-07 Note: One successful gmin step
Trying gmin =   9.2224E-08 Warning: Further gmin increment
Trying gmin =   4.7507E-07 Note: One successful gmin step
Trying gmin =   2.0932E-07 Note: One successful gmin step
Trying gmin =   6.1216E-08 Warning: Further gmin increment
Trying gmin =   1.5393E-07 Note: One successful gmin step
Trying gmin =   9.7071E-08 Note: One successful gmin step
Trying gmin =   4.8613E-08 Note: One successful gmin step
Trying gmin =   1.7228E-08 Note: One successful gmin step
Trying gmin =   3.6348E-09 Note: One successful gmin step
Trying gmin =   3.6348E-10 Note: One successful gmin step
Trying gmin =   3.6348E-11 Note: One successful gmin step
Trying gmin =   3.6348E-12 Note: One successful gmin step
Trying gmin =   1.0000E-12 Note: One successful gmin step
Note: Dynamic gmin stepping completed

No. of Data Rows : 1
Doing analysis at TEMP = 70.000000 and TNOM = 27.000000

Note: Starting dynamic gmin stepping
Trying gmin =   1.0000E-03 Note: One successful gmin step
Trying gmin =   1.0000E-04 Warning: Further gmin increment
Trying gmin =   5.6234E-04 Note: One successful gmin step
Trying gmin =   2.3714E-04 Note: One successful gmin step
Trying gmin =   6.4938E-05 Note: One successful gmin step
Trying gmin =   9.3057E-06 Note: One successful gmin step
Trying gmin =   3.5227E-06 Note: One successful gmin step
Trying gmin =   8.2047E-07 Note: One successful gmin step
Trying gmin =   9.2224E-08 Warning: Further gmin increment
Trying gmin =   4.7507E-07 Note: One successful gmin step
Trying gmin =   2.0932E-07 Note: One successful gmin step
Trying gmin =   6.1216E-08 Warning: Further gmin increment
Trying gmin =   1.5393E-07 Note: One successful gmin step
Trying gmin =   9.7071E-08 Note: One successful gmin step
Trying gmin =   4.8613E-08 Note: One successful gmin step
Trying gmin =   1.7228E-08 Note: One successful gmin step
Trying gmin =   3.6348E-09 Note: One successful gmin step
Trying gmin =   3.6348E-10 Note: One successful gmin step
Trying gmin =   3.6348E-11 Note: One successful gmin step
Trying gmin =   3.6348E-12 Note: One successful gmin step
Trying gmin =   1.0000E-12 Note: One successful gmin step
Note: Dynamic gmin stepping completed

No. of Data Rows : 901
Doing analysis at TEMP = 70.000000 and TNOM = 27.000000

Note: Starting dynamic gmin stepping
Trying gmin =   1.0000E-03 Note: One successful gmin step
Trying gmin =   1.0000E-04 Warning: Further gmin increment
Trying gmin =   5.6234E-04 Note: One successful gmin step
Trying gmin =   2.3714E-04 Note: One successful gmin step
Trying gmin =   6.4938E-05 Note: One successful gmin step
Trying gmin =   9.3057E-06 Note: One successful gmin step
Trying gmin =   3.5227E-06 Note: One successful gmin step
Trying gmin =   8.2047E-07 Note: One successful gmin step
Trying gmin =   9.2224E-08 Warning: Further gmin increment
Trying gmin =   4.7507E-07 Note: One successful gmin step
Trying gmin =   2.0932E-07 Note: One successful gmin step
Trying gmin =   6.1216E-08 Warning: Further gmin increment
Trying gmin =   1.5393E-07 Note: One successful gmin step
Trying gmin =   9.7071E-08 Note: One successful gmin step
Trying gmin =   4.8613E-08 Note: One successful gmin step
Trying gmin =   1.7228E-08 Note: One successful gmin step
Trying gmin =   3.6348E-09 Note: One successful gmin step
Trying gmin =   3.6348E-10 Note: One successful gmin step
Trying gmin =   3.6348E-11 Note: One successful gmin step
Trying gmin =   3.6348E-12 Note: One successful gmin step
Trying gmin =   1.0000E-12 Note: One successful gmin step
Note: Dynamic gmin stepping completed

No. of Data Rows : 901
Doing analysis at TEMP = 70.000000 and TNOM = 27.000000

Note: Starting dynamic gmin stepping
Trying gmin =   1.0000E-03 Note: One successful gmin step
Trying gmin =   1.0000E-04 Warning: Further gmin increment
Trying gmin =   5.6234E-04 Note: One successful gmin step
Trying gmin =   2.3714E-04 Note: One successful gmin step
Trying gmin =   6.4938E-05 Note: One successful gmin step
Trying gmin =   9.3057E-06 Note: One successful gmin step
Trying gmin =   3.5227E-06 Note: One successful gmin step
Trying gmin =   8.2047E-07 Note: One successful gmin step
Trying gmin =   9.2224E-08 Warning: Further gmin increment
Trying gmin =   4.7507E-07 Note: One successful gmin step
Trying gmin =   2.0932E-07 Note: One successful gmin step
Trying gmin =   6.1216E-08 Warning: Further gmin increment
Trying gmin =   1.5393E-07 Note: One successful gmin step
Trying gmin =   9.7071E-08 Note: One successful gmin step
Trying gmin =   4.8613E-08 Note: One successful gmin step
Trying gmin =   1.7228E-08 Note: One successful gmin step
Trying gmin =   3.6348E-09 Note: One successful gmin step
Trying gmin =   3.6348E-10 Note: One successful gmin step
Trying gmin =   3.6348E-11 Note: One successful gmin step
Trying gmin =   3.6348E-12 Note: One successful gmin step
Trying gmin =   1.0000E-12 Note: One successful gmin step
Note: Dynamic gmin stepping completed

No. of Data Rows : 901
gbw                 =  5.458596e+06
pm                  =  5.914304e+01
av_1hz              =  8.718547e+01
cmrr_1hz            =  9.246100e+01
psrr_1hz            =  1.325581e+02
idd = 7.350785e-05
fom = 1.485174e+02
binary raw file "./out/{num}.raw"
Doing analysis at TEMP = 70.000000 and TNOM = 27.000000

OP information in rawfile.

Total analysis time (seconds) = 1.671

Total elapsed time (seconds) = 1.944 

Total DRAM available = 7841.914 MB.
DRAM currently available =  777.613 MB.
Maximum ngspice program size =   50.246 MB.
Current ngspice program size =   32.816 MB.

Shared ngspice pages =   11.215 MB.
Text (code) pages =    5.461 MB.
Stack = 0 bytes.
Library pages =   29.805 MB.

