
Note: No compatibility mode selected!


Circuit: * amplifier b open-loop ac testbench

Doing analysis at TEMP = 0.000000 and TNOM = 27.000000

Note: Starting dynamic gmin stepping
Trying gmin =   1.0000E-03 Note: One successful gmin step
Trying gmin =   1.0000E-04 Warning: Further gmin increment
Trying gmin =   5.6234E-04 Note: One successful gmin step
Trying gmin =   2.3714E-04 Note: One successful gmin step
Trying gmin =   6.4938E-05 Note: One successful gmin step
Trying gmin =   9.3057E-06 Note: One successful gmin step
Trying gmin =   1.3335E-06 Warning: Further gmin increment
Trying gmin =   5.7255E-06 Note: One successful gmin step
Trying gmin =   2.7632E-06 Note: One successful gmin step
Trying gmin =   9.2640E-07 Warning: Further gmin increment
Trying gmin =   2.1026E-06 Note: One successful gmin step
Trying gmin =   1.3956E-06 Note: One successful gmin step
Trying gmin =   7.5476E-07 Note: One successful gmin step
Trying gmin =   3.0016E-07 Note: One successful gmin step
Trying gmin =   1.1937E-07 Warning: Further gmin increment
Trying gmin =   2.3837E-07 Note: One successful gmin step
Trying gmin =   1.6868E-07 Note: One successful gmin step
Trying gmin =   1.0042E-07 Note: One successful gmin step
Trying gmin =   4.6125E-08 Note: One successful gmin step
Trying gmin =   1.4359E-08 Note: One successful gmin step
Trying gmin =   4.4699E-09 Warning: Further gmin increment
Trying gmin =   1.0725E-08 Note: One successful gmin step
Trying gmin =   6.9239E-09 Note: One successful gmin step
Trying gmin =   3.5914E-09 Note: One successful gmin step
Trying gmin =   1.3416E-09 Warning: Further gmin increment
Trying gmin =   2.8078E-09 Note: One successful gmin step
Trying gmin =   1.9409E-09 Note: One successful gmin step
Trying gmin =   1.1155E-09 Note: One successful gmin step
Trying gmin =   4.8601E-10 Note: One successful gmin step
Trying gmin =   1.3977E-10 Note: One successful gmin step
Trying gmin =   2.1557E-11 Note: One successful gmin step
Trying gmin =   2.1557E-12 Note: One successful gmin step
Trying gmin =   1.0000E-12 Note: One successful gmin step
Note: Dynamic gmin stepping completed

No. of Data Rows : 1
Doing analysis at TEMP = 0.000000 and TNOM = 27.000000

Note: Starting dynamic gmin stepping
Trying gmin =   1.0000E-03 Note: One successful gmin step
Trying gmin =   1.0000E-04 Warning: Further gmin increment
Trying gmin =   5.6234E-04 Note: One successful gmin step
Trying gmin =   2.3714E-04 Note: One successful gmin step
Trying gmin =   6.4938E-05 Note: One successful gmin step
Trying gmin =   9.3057E-06 Note: One successful gmin step
Trying gmin =   1.3335E-06 Warning: Further gmin increment
Trying gmin =   5.7255E-06 Note: One successful gmin step
Trying gmin =   2.7632E-06 Note: One successful gmin step
Trying gmin =   9.2640E-07 Warning: Further gmin increment
Trying gmin =   2.1026E-06 Note: One successful gmin step
Trying gmin =   1.3956E-06 Note: One successful gmin step
Trying gmin =   7.5476E-07 Note: One successful gmin step
Trying gmin =   3.0016E-07 Note: One successful gmin step
Trying gmin =   1.1937E-07 Warning: Further gmin increment
Trying gmin =   2.3837E-07 Note: One successful gmin step
Trying gmin =   1.6868E-07 Note: One successful gmin step
Trying gmin =   1.0042E-07 Note: One successful gmin step
Trying gmin =   4.6125E-08 Note: One successful gmin step
Trying gmin =   1.4359E-08 Note: One successful gmin step
Trying gmin =   4.4699E-09 Warning: Further gmin increment
Trying gmin =   1.0725E-08 Note: One successful gmin step
Trying gmin =   6.9239E-09 Note: One successful gmin step
Trying gmin =   3.5914E-09 Note: One successful gmin step
Trying gmin =   1.3416E-09 Warning: Further gmin increment
Trying gmin =   2.8078E-09 Note: One successful gmin step
Trying gmin =   1.9409E-09 Note: One successful gmin step
Trying gmin =   1.1155E-09 Note: One successful gmin step
Trying gmin =   4.8601E-10 Note: One successful gmin step
Trying gmin =   1.3977E-10 Note: One successful gmin step
Trying gmin =   2.1557E-11 Note: One successful gmin step
Trying gmin =   2.1557E-12 Note: One successful gmin step
Trying gmin =   1.0000E-12 Note: One successful gmin step
Note: Dynamic gmin stepping completed

No. of Data Rows : 901
Doing analysis at TEMP = 0.000000 and TNOM = 27.000000

Note: Starting dynamic gmin stepping
Trying gmin =   1.0000E-03 Note: One successful gmin step
Trying gmin =   1.0000E-04 Warning: Further gmin increment
Trying gmin =   5.6234E-04 Note: One successful gmin step
Trying gmin =   2.3714E-04 Note: One successful gmin step
Trying gmin =   6.4938E-05 Note: One successful gmin step
Trying gmin =   9.3057E-06 Note: One successful gmin step
Trying gmin =   1.3335E-06 Warning: Further gmin increment
Trying gmin =   5.7255E-06 Note: One successful gmin step
Trying gmin =   2.7632E-06 Note: One successful gmin step
Trying gmin =   9.2640E-07 Warning: Further gmin increment
Trying gmin =   2.1026E-06 Note: One successful gmin step
Trying gmin =   1.3956E-06 Note: One successful gmin step
Trying gmin =   7.5476E-07 Note: One successful gmin step
Trying gmin =   3.0016E-07 Note: One successful gmin step
Trying gmin =   1.1937E-07 Warning: Further gmin increment
Trying gmin =   2.3837E-07 Note: One successful gmin step
Trying gmin =   1.6868E-07 Note: One successful gmin step
Trying gmin =   1.0042E-07 Note: One successful gmin step
Trying gmin =   4.6125E-08 Note: One successful gmin step
Trying gmin =   1.4359E-08 Note: One successful gmin step
Trying gmin =   4.4699E-09 Warning: Further gmin increment
Trying gmin =   1.0725E-08 Note: One successful gmin step
Trying gmin =   6.9239E-09 Note: One successful gmin step
Trying gmin =   3.5914E-09 Note: One successful gmin step
Trying gmin =   1.3416E-09 Warning: Further gmin increment
Trying gmin =   2.8078E-09 Note: One successful gmin step
Trying gmin =   1.9409E-09 Note: One successful gmin step
Trying gmin =   1.1155E-09 Note: One successful gmin step
Trying gmin =   4.8601E-10 Note: One successful gmin step
Trying gmin =   1.3977E-10 Note: One successful gmin step
Trying gmin =   2.1557E-11 Note: One successful gmin step
Trying gmin =   2.1557E-12 Note: One successful gmin step
Trying gmin =   1.0000E-12 Note: One successful gmin step
Note: Dynamic gmin stepping completed

No. of Data Rows : 901
Doing analysis at TEMP = 0.000000 and TNOM = 27.000000

Note: Starting dynamic gmin stepping
Trying gmin =   1.0000E-03 Note: One successful gmin step
Trying gmin =   1.0000E-04 Warning: Further gmin increment
Trying gmin =   5.6234E-04 Note: One successful gmin step
Trying gmin =   2.3714E-04 Note: One successful gmin step
Trying gmin =   6.4938E-05 Note: One successful gmin step
Trying gmin =   9.3057E-06 Note: One successful gmin step
Trying gmin =   1.3335E-06 Warning: Further gmin increment
Trying gmin =   5.7255E-06 Note: One successful gmin step
Trying gmin =   2.7632E-06 Note: One successful gmin step
Trying gmin =   9.2640E-07 Warning: Further gmin increment
Trying gmin =   2.1026E-06 Note: One successful gmin step
Trying gmin =   1.3956E-06 Note: One successful gmin step
Trying gmin =   7.5476E-07 Note: One successful gmin step
Trying gmin =   3.0016E-07 Note: One successful gmin step
Trying gmin =   1.1937E-07 Warning: Further gmin increment
Trying gmin =   2.3837E-07 Note: One successful gmin step
Trying gmin =   1.6868E-07 Note: One successful gmin step
Trying gmin =   1.0042E-07 Note: One successful gmin step
Trying gmin =   4.6125E-08 Note: One successful gmin step
Trying gmin =   1.4359E-08 Note: One successful gmin step
Trying gmin =   4.4699E-09 Warning: Further gmin increment
Trying gmin =   1.0725E-08 Note: One successful gmin step
Trying gmin =   6.9239E-09 Note: One successful gmin step
Trying gmin =   3.5914E-09 Note: One successful gmin step
Trying gmin =   1.3416E-09 Warning: Further gmin increment
Trying gmin =   2.8078E-09 Note: One successful gmin step
Trying gmin =   1.9409E-09 Note: One successful gmin step
Trying gmin =   1.1155E-09 Note: One successful gmin step
Trying gmin =   4.8601E-10 Note: One successful gmin step
Trying gmin =   1.3977E-10 Note: One successful gmin step
Trying gmin =   2.1557E-11 Note: One successful gmin step
Trying gmin =   2.1557E-12 Note: One successful gmin step
Trying gmin =   1.0000E-12 Note: One successful gmin step
Note: Dynamic gmin stepping completed

No. of Data Rows : 901
gbw                 =  5.744771e+06
pm                  =  5.890154e+01
av_1hz              =  9.009527e+01
cmrr_1hz            =  9.543354e+01
psrr_1hz            =  1.313824e+02
idd = 6.710093e-05
fom = 1.712278e+02
binary raw file "./out/{num}.raw"
Doing analysis at TEMP = 0.000000 and TNOM = 27.000000

OP information in rawfile.

Total analysis time (seconds) = 2.456

Total elapsed time (seconds) = 2.729 

Total DRAM available = 7841.914 MB.
DRAM currently available =  780.840 MB.
Maximum ngspice program size =   50.238 MB.
Current ngspice program size =   32.379 MB.

Shared ngspice pages =   10.773 MB.
Text (code) pages =    5.461 MB.
Stack = 0 bytes.
Library pages =   29.797 MB.

